<?xml version="1.0" encoding="UTF-8"?>
<robot generator="Robot 4.0.1 (Python 3.9.2 on win32)" generated="20220517 19:54:39.720" rpa="false" schemaversion="2">
<suite id="s1" name="Robot Interactive Console" source="c:\Users\aassoula\.vscode-insiders\extensions\robocorp.robotframework-lsp-0.47.2\src\robotframework_ls\vendored\robotframework_interactive\robot_interactive_console.robot">
<test id="s1-t1" name="Default Task/Test">
<kw name="Interpreter Main Loop" library="MainLoop">
<kw name="Montage du dossier de subvention pour un profil TMO">
<msg timestamp="20220517 19:54:42.258" level="FAIL">No keyword with name 'Montage du dossier de subvention pour un profil TMO' found.</msg>
<status status="FAIL" starttime="20220517 19:54:42.258" endtime="20220517 19:54:42.258"/>
</kw>
<kw name="Montage du dossier de subvention pour un profil TMO">
<msg timestamp="20220517 19:54:50.639" level="FAIL">No keyword with name 'Montage du dossier de subvention pour un profil TMO' found.</msg>
<status status="FAIL" starttime="20220517 19:54:50.638" endtime="20220517 19:54:50.639"/>
</kw>
<status status="PASS" starttime="20220517 19:54:39.792" endtime="20220517 20:17:00.142"/>
</kw>
<status status="PASS" starttime="20220517 19:54:39.791" endtime="20220517 20:17:00.149"/>
</test>
<status status="PASS" starttime="20220517 19:54:39.724" endtime="20220517 20:17:00.159"/>
</suite>
<statistics>
<total>
<stat pass="1" fail="0" skip="0">All Tests</stat>
</total>
<tag>
</tag>
<suite>
<stat pass="1" fail="0" skip="0" id="s1" name="Robot Interactive Console">Robot Interactive Console</stat>
</suite>
</statistics>
<errors>
</errors>
</robot>
