<?xml version="1.0" encoding="UTF-8"?>
<robot generator="Robot 4.0.1 (Python 3.9.2 on win32)" generated="20220515 14:42:57.092" rpa="false" schemaversion="2">
<suite id="s1" name="TNR1" source="c:\Users\aassoula\OneDrive - Capgemini\Desktop\Anah\Autom\TESTS\TestSuites\TNR1.robot">
<kw name="SuiteSetup" library="baseTest" type="SETUP">
<kw name="Suite Setup" library="baseSocle">
<kw name="Log To Console" library="BuiltIn">
<arg>START SUITE</arg>
<doc>Logs the given message to the console.</doc>
<status status="PASS" starttime="20220515 14:42:57.622" endtime="20220515 14:42:57.623"/>
</kw>
<kw name="Log To Console" library="BuiltIn">
<arg>CURDIR=c:\\Users\\aassoula\\OneDrive - Capgemini\\Desktop\\Anah\\Autom\\SOCLE</arg>
<doc>Logs the given message to the console.</doc>
<status status="PASS" starttime="20220515 14:42:57.623" endtime="20220515 14:42:57.624"/>
</kw>
<kw name="Log To Console" library="BuiltIn">
<arg>EXECDIR=${EXECDIR}</arg>
<doc>Logs the given message to the console.</doc>
<status status="PASS" starttime="20220515 14:42:57.624" endtime="20220515 14:42:57.625"/>
</kw>
<kw name="Log To Console" library="BuiltIn">
<arg>OUTPUT DIR=${OUTPUT DIR}</arg>
<doc>Logs the given message to the console.</doc>
<status status="PASS" starttime="20220515 14:42:57.626" endtime="20220515 14:42:57.627"/>
</kw>
<kw name="Get Environment Variable" library="OperatingSystem">
<var>${RBF_ENV}</var>
<arg>RBF_ENV</arg>
<arg>default=DEFAULT</arg>
<doc>Returns the value of an environment variable with the given name.</doc>
<msg timestamp="20220515 14:42:57.627" level="INFO">${RBF_ENV} = DEFAULT</msg>
<status status="PASS" starttime="20220515 14:42:57.627" endtime="20220515 14:42:57.627"/>
</kw>
<if>
<branch type="IF" condition="&quot;${RBF_ENV}&quot; != &quot;DEFAULT&quot;">
<kw name="Evaluate" library="BuiltIn">
<var>${ENV}</var>
<arg>"${RBF_ENV}"</arg>
<doc>Evaluates the given expression in Python and returns the result.</doc>
<status status="NOT RUN" starttime="20220515 14:42:57.628" endtime="20220515 14:42:57.628"/>
</kw>
<kw name="Evaluate" library="BuiltIn">
<var>${PLATFORM}</var>
<arg>"${PIC_PLATFORM}"</arg>
<doc>Evaluates the given expression in Python and returns the result.</doc>
<status status="NOT RUN" starttime="20220515 14:42:57.628" endtime="20220515 14:42:57.628"/>
</kw>
<kw name="Set Global Variable" library="BuiltIn">
<arg>${ENV}</arg>
<doc>Makes a variable available globally in all tests and suites.</doc>
<status status="NOT RUN" starttime="20220515 14:42:57.628" endtime="20220515 14:42:57.628"/>
</kw>
<kw name="Set Global Variable" library="BuiltIn">
<arg>${PLATFORM}</arg>
<doc>Makes a variable available globally in all tests and suites.</doc>
<status status="NOT RUN" starttime="20220515 14:42:57.629" endtime="20220515 14:42:57.629"/>
</kw>
<status status="NOT RUN" starttime="20220515 14:42:57.627" endtime="20220515 14:42:57.629"/>
</branch>
<status status="PASS" starttime="20220515 14:42:57.627" endtime="20220515 14:42:57.629"/>
</if>
<kw name="Log To Console" library="BuiltIn">
<arg>ENV=${ENV}</arg>
<doc>Logs the given message to the console.</doc>
<status status="PASS" starttime="20220515 14:42:57.629" endtime="20220515 14:42:57.631"/>
</kw>
<kw name="Log To Console" library="BuiltIn">
<arg>WEB-PLATFORM=${PLATFORM}</arg>
<doc>Logs the given message to the console.</doc>
<status status="PASS" starttime="20220515 14:42:57.631" endtime="20220515 14:42:57.632"/>
</kw>
<kw name="Log To Console" library="BuiltIn">
<arg>WEB-SCREEN=${SCREEN}</arg>
<doc>Logs the given message to the console.</doc>
<status status="PASS" starttime="20220515 14:42:57.632" endtime="20220515 14:42:57.633"/>
</kw>
<kw name="Run Keyword If" library="BuiltIn">
<arg>'''${PLATFORM}''' not in '''${PLATFORMS_ALLOWED}'''</arg>
<arg>BuiltIn.Fail</arg>
<arg>PLATFORM_NOT_ALLOWED</arg>
<doc>Runs the given keyword with the given arguments, if ``condition`` is true.</doc>
<status status="PASS" starttime="20220515 14:42:57.633" endtime="20220515 14:42:57.634"/>
</kw>
<kw name="Get Dictionary Keys" library="Collections">
<var>${SCREENS_ALLLOWED}</var>
<arg>${SCREEN_SIZES_ALLOWED}</arg>
<doc>Returns keys of the given ``dictionary`` as a list.</doc>
<msg timestamp="20220515 14:42:57.634" level="INFO">${SCREENS_ALLLOWED} = ['DESKTOP']</msg>
<status status="PASS" starttime="20220515 14:42:57.634" endtime="20220515 14:42:57.634"/>
</kw>
<kw name="Run Keyword If" library="BuiltIn">
<arg>'''${SCREEN}''' not in '''${SCREENS_ALLLOWED}'''</arg>
<arg>BuiltIn.Fail</arg>
<arg>SCREEN_NOT_ALLOWED</arg>
<doc>Runs the given keyword with the given arguments, if ``condition`` is true.</doc>
<status status="PASS" starttime="20220515 14:42:57.634" endtime="20220515 14:42:57.635"/>
</kw>
<status status="PASS" starttime="20220515 14:42:57.622" endtime="20220515 14:42:57.635"/>
</kw>
<status status="PASS" starttime="20220515 14:42:57.622" endtime="20220515 14:42:57.635"/>
</kw>
<test id="s1-t1" name="TNR 1">
<kw name="TestSetup" library="baseTest" type="SETUP">
<kw name="Import Resource" library="BuiltIn">
<arg>c:\\Users\\aassoula\\OneDrive - Capgemini\\Desktop\\Anah\\Autom\\TESTS/Env/ENV_${ENV}.robot</arg>
<doc>Imports a resource file with the given path.</doc>
<status status="PASS" starttime="20220515 14:42:57.636" endtime="20220515 14:42:57.637"/>
</kw>
<kw name="Import Resource" library="BuiltIn">
<arg>c:\\Users\\aassoula\\OneDrive - Capgemini\\Desktop\\Anah\\Autom\\TESTS/Data/DATA_${ENV}.robot</arg>
<doc>Imports a resource file with the given path.</doc>
<status status="PASS" starttime="20220515 14:42:57.637" endtime="20220515 14:42:57.639"/>
</kw>
<kw name="Test Setup" library="baseSocle">
<kw name="Log To Console" library="BuiltIn">
<arg>${EMPTY}</arg>
<doc>Logs the given message to the console.</doc>
<status status="PASS" starttime="20220515 14:42:57.639" endtime="20220515 14:42:57.642"/>
</kw>
<kw name="Log To Console" library="BuiltIn">
<arg>START TEST</arg>
<doc>Logs the given message to the console.</doc>
<status status="PASS" starttime="20220515 14:42:57.642" endtime="20220515 14:42:57.643"/>
</kw>
<kw name="Evaluate" library="BuiltIn">
<var>${isTestWEB}</var>
<arg>"""WEB""" in """${TEST TAGS}"""</arg>
<doc>Evaluates the given expression in Python and returns the result.</doc>
<msg timestamp="20220515 14:42:57.643" level="INFO">${isTestWEB} = True</msg>
<status status="PASS" starttime="20220515 14:42:57.643" endtime="20220515 14:42:57.643"/>
</kw>
<kw name="Run Keyword If" library="BuiltIn">
<arg>${isTestWEB}</arg>
<arg>BuiltIn.Run Keyword</arg>
<arg>SELENIUM.Open ${PLATFORM}</arg>
<doc>Runs the given keyword with the given arguments, if ``condition`` is true.</doc>
<kw name="Run Keyword" library="BuiltIn">
<arg>SELENIUM.Open ${PLATFORM}</arg>
<doc>Executes the given keyword with the given arguments.</doc>
<kw name="Open CHROME" library="selenium">
<kw name="Open Browser" library="SeleniumLibrary">
<arg>browser=chrome</arg>
<doc>Opens a new browser instance to the optional ``url``.</doc>
<msg timestamp="20220515 14:42:57.645" level="INFO">Opening browser 'chrome' to base url 'None'.</msg>
<status status="PASS" starttime="20220515 14:42:57.645" endtime="20220515 14:42:59.407"/>
</kw>
<status status="PASS" starttime="20220515 14:42:57.644" endtime="20220515 14:42:59.408"/>
</kw>
<status status="PASS" starttime="20220515 14:42:57.644" endtime="20220515 14:42:59.409"/>
</kw>
<status status="PASS" starttime="20220515 14:42:57.644" endtime="20220515 14:42:59.409"/>
</kw>
<kw name="Get From Dictionary" library="Collections">
<var>${SCREEN_SIZE}</var>
<arg>${SCREEN_SIZES_ALLOWED}</arg>
<arg>${SCREEN}</arg>
<doc>Returns a value from the given ``dictionary`` based on the given ``key``.</doc>
<msg timestamp="20220515 14:42:59.411" level="INFO">${SCREEN_SIZE} = 1260</msg>
<status status="PASS" starttime="20220515 14:42:59.410" endtime="20220515 14:42:59.411"/>
</kw>
<kw name="Run Keyword If" library="BuiltIn">
<arg>${isTestWEB}</arg>
<arg>BuiltIn.Run Keyword</arg>
<arg>SELENIUM.Init Conf</arg>
<arg>screen=${SCREEN_SIZE}</arg>
<doc>Runs the given keyword with the given arguments, if ``condition`` is true.</doc>
<kw name="Run Keyword" library="BuiltIn">
<arg>SELENIUM.Init Conf</arg>
<arg>screen=${SCREEN_SIZE}</arg>
<doc>Executes the given keyword with the given arguments.</doc>
<kw name="Init Conf" library="selenium">
<arg>screen=${SCREEN_SIZE}</arg>
<kw name="Set Selenium Timeout" library="SeleniumLibrary">
<arg>${SELENIUM_TIMEOUT}</arg>
<doc>Sets the timeout that is used by various keywords.</doc>
<status status="PASS" starttime="20220515 14:42:59.415" endtime="20220515 14:42:59.417"/>
</kw>
<kw name="Set Browser Implicit Wait" library="SeleniumLibrary">
<arg>${SELENIUM_IMPLICITWAIT}</arg>
<doc>Sets the implicit wait value used by Selenium.</doc>
<status status="PASS" starttime="20220515 14:42:59.417" endtime="20220515 14:42:59.419"/>
</kw>
<kw name="Set Selenium Speed" library="SeleniumLibrary">
<arg>${SELENIUM_SPEED}</arg>
<doc>Sets the delay that is waited after each Selenium command.</doc>
<status status="PASS" starttime="20220515 14:42:59.419" endtime="20220515 14:42:59.420"/>
</kw>
<if>
<branch type="IF" condition="${screen} == ${0}">
<kw name="Maximize Browser Window" library="SeleniumLibrary">
<doc>Maximizes current browser window.</doc>
<status status="NOT RUN" starttime="20220515 14:42:59.423" endtime="20220515 14:42:59.423"/>
</kw>
<status status="NOT RUN" starttime="20220515 14:42:59.422" endtime="20220515 14:42:59.423"/>
</branch>
<branch type="ELSE">
<kw name="Set Window Size" library="SeleniumLibrary">
<arg>height=850</arg>
<arg>width=${screen}</arg>
<doc>Sets current windows size to given ``width`` and ``height``.</doc>
<status status="PASS" starttime="20220515 14:42:59.423" endtime="20220515 14:42:59.551"/>
</kw>
<status status="PASS" starttime="20220515 14:42:59.423" endtime="20220515 14:42:59.551"/>
</branch>
<status status="PASS" starttime="20220515 14:42:59.420" endtime="20220515 14:42:59.551"/>
</if>
<status status="PASS" starttime="20220515 14:42:59.414" endtime="20220515 14:42:59.551"/>
</kw>
<status status="PASS" starttime="20220515 14:42:59.413" endtime="20220515 14:42:59.551"/>
</kw>
<status status="PASS" starttime="20220515 14:42:59.411" endtime="20220515 14:42:59.551"/>
</kw>
<status status="PASS" starttime="20220515 14:42:57.639" endtime="20220515 14:42:59.552"/>
</kw>
<status status="PASS" starttime="20220515 14:42:57.636" endtime="20220515 14:42:59.552"/>
</kw>
<kw name="Montage du dossier de subvention pour un profil TMO" library="MontageDossierSub">
<doc>L'utilisateur accède à la page de connexion</doc>
<kw name="lancer le navigateur et l'environnement" library="PreparationEnv">
<arg>${site_web}[url]</arg>
<arg>${site_web}[title]</arg>
<doc>Lancement de l'application dans un navigateur
${URL} Url de l'application à lancer
${browser} Navigateur à utiliser
${exceptedTitle} Titre de la page attendue</doc>
<kw name="Go To" library="SeleniumLibrary">
<arg>url=${URL}</arg>
<doc>Navigates the current browser window to the provided ``url``.</doc>
<msg timestamp="20220515 14:42:59.570" level="INFO">Opening url 'https://auth-preprod.anah.fr/saml/singleSignOn'</msg>
<status status="PASS" starttime="20220515 14:42:59.569" endtime="20220515 14:43:00.251"/>
</kw>
<kw name="Maximize Browser Window" library="SeleniumLibrary">
<doc>Maximizes current browser window.</doc>
<status status="PASS" starttime="20220515 14:43:00.251" endtime="20220515 14:43:00.389"/>
</kw>
<kw name="Get Title" library="SeleniumLibrary">
<var>${currentTitle}</var>
<doc>Returns the title of the current page.</doc>
<msg timestamp="20220515 14:43:00.396" level="INFO">${currentTitle} = Portail d'authentification</msg>
<status status="PASS" starttime="20220515 14:43:00.390" endtime="20220515 14:43:00.396"/>
</kw>
<kw name="Should Be Equal As Strings" library="BuiltIn">
<arg>${exceptedTitle}</arg>
<arg>${currentTitle}</arg>
<doc>Fails if objects are unequal after converting them to strings.</doc>
<status status="PASS" starttime="20220515 14:43:00.396" endtime="20220515 14:43:00.397"/>
</kw>
<status status="PASS" starttime="20220515 14:42:59.568" endtime="20220515 14:43:00.397"/>
</kw>
<kw name="se connecter au compte demandeur par le portail SSO" library="Login">
<arg>tnr3@yopmail.com</arg>
<arg>@azertY147</arg>
<doc>Connexion à l'application
${input_userName} Username de l'utilisateur
${input_pwd} Mot de passe de l'utilisateur</doc>
<kw name="Kw_load_login_page" library="Login">
<doc>Vérifie que les éléments de la pages de connexion sont bien présents</doc>
<kw name="Wait Until Element Is Visible" library="SeleniumLibrary">
<arg>${loc_email}</arg>
<doc>Waits until the element ``locator`` is visible.</doc>
<status status="PASS" starttime="20220515 14:43:00.406" endtime="20220515 14:43:00.432"/>
</kw>
<kw name="Wait Until Element Is Visible" library="SeleniumLibrary">
<arg>${loc_mdp}</arg>
<doc>Waits until the element ``locator`` is visible.</doc>
<status status="PASS" starttime="20220515 14:43:00.433" endtime="20220515 14:43:00.457"/>
</kw>
<status status="PASS" starttime="20220515 14:43:00.405" endtime="20220515 14:43:00.457"/>
</kw>
<kw name="Input Text" library="SeleniumLibrary">
<arg>${loc_email}</arg>
<arg>${input_userName}</arg>
<doc>Types the given ``text`` into the text field identified by ``locator``.</doc>
<msg timestamp="20220515 14:43:00.457" level="INFO">Typing text 'tnr3@yopmail.com' into text field '//input[@id="userfield"]'.</msg>
<status status="PASS" starttime="20220515 14:43:00.457" endtime="20220515 14:43:00.535"/>
</kw>
<kw name="Input Password" library="SeleniumLibrary">
<arg>${loc_mdp}</arg>
<arg>${input_pwd}</arg>
<doc>Types the given password into the text field identified by ``locator``.</doc>
<msg timestamp="20220515 14:43:00.536" level="INFO">Typing password into text field '//input[@id="passwordfield"]'.</msg>
<msg timestamp="20220515 14:43:00.603" level="INFO">Temporally setting log level to: NONE</msg>
<msg timestamp="20220515 14:43:00.679" level="INFO">Log level changed from NONE to INFO.</msg>
<status status="PASS" starttime="20220515 14:43:00.535" endtime="20220515 14:43:00.680"/>
</kw>
<kw name="Click If Element Is Enabled" library="selenium">
<arg>${loc_valider}</arg>
<kw name="Wait Until Keyword Succeeds" library="BuiltIn">
<arg>10</arg>
<arg>1s</arg>
<arg>Scroll Element Into View</arg>
<arg>${locator}</arg>
<doc>Runs the specified keyword and retries if it fails.</doc>
<kw name="Scroll Element Into View" library="SeleniumLibrary">
<arg>${locator}</arg>
<doc>Scrolls the element identified by ``locator`` into view.</doc>
<status status="PASS" starttime="20220515 14:43:00.681" endtime="20220515 14:43:00.973"/>
</kw>
<status status="PASS" starttime="20220515 14:43:00.681" endtime="20220515 14:43:00.974"/>
</kw>
<kw name="Wait Until Element Is Enabled" library="SeleniumLibrary">
<arg>${locator}</arg>
<doc>Waits until the element ``locator`` is enabled.</doc>
<status status="PASS" starttime="20220515 14:43:00.975" endtime="20220515 14:43:01.043"/>
</kw>
<kw name="Wait Until Keyword Succeeds" library="BuiltIn">
<arg>10</arg>
<arg>1s</arg>
<arg>Click Element</arg>
<arg>${locator}</arg>
<doc>Runs the specified keyword and retries if it fails.</doc>
<kw name="Click Element" library="SeleniumLibrary">
<arg>${locator}</arg>
<doc>Click the element identified by ``locator``.</doc>
<msg timestamp="20220515 14:43:01.045" level="INFO">Clicking element '//button[@type="submit"]/span'.</msg>
<status status="PASS" starttime="20220515 14:43:01.044" endtime="20220515 14:43:01.285"/>
</kw>
<status status="PASS" starttime="20220515 14:43:01.043" endtime="20220515 14:43:01.285"/>
</kw>
<status status="PASS" starttime="20220515 14:43:00.680" endtime="20220515 14:43:01.285"/>
</kw>
<status status="PASS" starttime="20220515 14:43:00.404" endtime="20220515 14:43:01.286"/>
</kw>
<kw name="copier le numero de dossier et acceder au dossier" library="MyApplications">
<kw name="Get Text" library="SeleniumLibrary">
<var>${NumDossier}</var>
<arg>${loc-NumDossier}</arg>
<doc>Returns the text value of the element identified by ``locator``.</doc>
<kw name="Capture Page Screenshot" library="SeleniumLibrary">
<doc>Takes a screenshot of the current page and embeds it into a log file.</doc>
<msg timestamp="20220515 14:43:06.496" level="INFO" html="true">&lt;/td&gt;&lt;/tr&gt;&lt;tr&gt;&lt;td colspan="3"&gt;&lt;a href="selenium-screenshot-2.png"&gt;&lt;img src="selenium-screenshot-2.png" width="800px"&gt;&lt;/a&gt;</msg>
<status status="PASS" starttime="20220515 14:43:06.339" endtime="20220515 14:43:06.497"/>
</kw>
<msg timestamp="20220515 14:43:06.499" level="FAIL">Element with locator '//*[@id="$PD_pyMyCasesTree$ppxResults$l1"]//div[@data-test-id='2019100915472206281040439' and contains(text(),'MPR')]' not found.</msg>
<status status="FAIL" starttime="20220515 14:43:01.287" endtime="20220515 14:43:06.499"/>
</kw>
<kw name="Click If Element Is Enabled" library="selenium">
<arg>${VoirDossier}</arg>
<status status="NOT RUN" starttime="20220515 14:43:06.499" endtime="20220515 14:43:06.499"/>
</kw>
<status status="FAIL" starttime="20220515 14:43:01.286" endtime="20220515 14:43:06.500"/>
</kw>
<kw name="Completer ma demande de solde" library="Dossier">
<status status="NOT RUN" starttime="20220515 14:43:06.500" endtime="20220515 14:43:06.500"/>
</kw>
<kw name="deposer une demande sans mandataire" library="Mandataire">
<status status="NOT RUN" starttime="20220515 14:43:06.500" endtime="20220515 14:43:06.500"/>
</kw>
<kw name=" choisir chauffage par biomasse" library="TypeChauffage">
<status status="NOT RUN" starttime="20220515 14:43:06.500" endtime="20220515 14:43:06.500"/>
</kw>
<kw name="choisir travaux d'isolation" library="Travaux">
<status status="NOT RUN" starttime="20220515 14:43:06.500" endtime="20220515 14:43:06.500"/>
</kw>
<kw name="choisir travaux d'isolation intern" library="SousTravaux">
<status status="NOT RUN" starttime="20220515 14:43:06.500" endtime="20220515 14:43:06.500"/>
</kw>
<kw name="televerser le premier devis" library="Devis">
<status status="NOT RUN" starttime="20220515 14:43:06.500" endtime="20220515 14:43:06.500"/>
</kw>
<kw name="renseingner les informations travaux d'isolation interieur" library="Siret">
<status status="NOT RUN" starttime="20220515 14:43:06.500" endtime="20220515 14:43:06.500"/>
</kw>
<kw name="renseingner le montant du premier travaux" library="Somme">
<status status="NOT RUN" starttime="20220515 14:43:06.500" endtime="20220515 14:43:06.500"/>
</kw>
<kw name=" choisir non pour les aides" library="Cee">
<status status="NOT RUN" starttime="20220515 14:43:06.500" endtime="20220515 14:43:06.500"/>
</kw>
<kw name=" verifier la syntèse et Continuer" library="Syntese">
<status status="NOT RUN" starttime="20220515 14:43:06.500" endtime="20220515 14:43:06.500"/>
</kw>
<kw name=" deposer la demande de subvention" library="Depot">
<status status="NOT RUN" starttime="20220515 14:43:06.500" endtime="20220515 14:43:06.500"/>
</kw>
<status status="FAIL" starttime="20220515 14:42:59.553" endtime="20220515 14:43:06.500"/>
</kw>
<tag>WEB</tag>
<status status="FAIL" starttime="20220515 14:42:57.635" endtime="20220515 14:43:06.503">Element with locator '//*[@id="$PD_pyMyCasesTree$ppxResults$l1"]//div[@data-test-id='2019100915472206281040439' and contains(text(),'MPR')]' not found.</status>
</test>
<doc>Test sur toutes les actions de la page de connexion pour tous les rôles.</doc>
<status status="FAIL" starttime="20220515 14:42:57.094" endtime="20220515 14:43:06.505"/>
</suite>
<statistics>
<total>
<stat pass="0" fail="1" skip="0">All Tests</stat>
</total>
<tag>
<stat pass="0" fail="1" skip="0">WEB</stat>
</tag>
<suite>
<stat pass="0" fail="1" skip="0" id="s1" name="TNR1">TNR1</stat>
</suite>
</statistics>
<errors>
<msg timestamp="20220515 14:42:57.575" level="WARN">Imported resource file 'c:\Users\aassoula\OneDrive - Capgemini\Desktop\Anah\Autom\TESTS\Web\POMs\NumFi.robot' is empty.</msg>
</errors>
</robot>
